Start testing: Dec 21 10:27 Est
----------------------------------------------------------
1/24 Testing: Unique_Leaf_ROOT
1/24 Test: Unique_Leaf_ROOT
Command: "C:/Users/xterm/CLionProject/TP3CLWindows/cmake-build-debug/BSTest.exe" "0"
Directory: C:/Users/xterm/CLionProject/TP3CLWindows/cmake-build-debug
"Unique_Leaf_ROOT" start time: Dec 21 10:27 Est
Output:
----------------------------------------------------------
<end of output>
Test time =   0.09 sec
----------------------------------------------------------
Test Passed.
"Unique_Leaf_ROOT" end time: Dec 21 10:27 Est
"Unique_Leaf_ROOT" time elapsed: 00:00:00
----------------------------------------------------------

2/24 Testing: Unique_Leaf_LEFT
2/24 Test: Unique_Leaf_LEFT
Command: "C:/Users/xterm/CLionProject/TP3CLWindows/cmake-build-debug/BSTest.exe" "1"
Directory: C:/Users/xterm/CLionProject/TP3CLWindows/cmake-build-debug
"Unique_Leaf_LEFT" start time: Dec 21 10:27 Est
Output:
----------------------------------------------------------
<end of output>
Test time =   0.03 sec
----------------------------------------------------------
Test Passed.
"Unique_Leaf_LEFT" end time: Dec 21 10:27 Est
"Unique_Leaf_LEFT" time elapsed: 00:00:00
----------------------------------------------------------

3/24 Testing: Unique_Leaf_RIGHT
3/24 Test: Unique_Leaf_RIGHT
Command: "C:/Users/xterm/CLionProject/TP3CLWindows/cmake-build-debug/BSTest.exe" "2"
Directory: C:/Users/xterm/CLionProject/TP3CLWindows/cmake-build-debug
"Unique_Leaf_RIGHT" start time: Dec 21 10:27 Est
Output:
----------------------------------------------------------
<end of output>
Test time =   0.02 sec
----------------------------------------------------------
Test Passed.
"Unique_Leaf_RIGHT" end time: Dec 21 10:27 Est
"Unique_Leaf_RIGHT" time elapsed: 00:00:00
----------------------------------------------------------

4/24 Testing: One_Branch_G_ROOT
4/24 Test: One_Branch_G_ROOT
Command: "C:/Users/xterm/CLionProject/TP3CLWindows/cmake-build-debug/BSTest.exe" "3"
Directory: C:/Users/xterm/CLionProject/TP3CLWindows/cmake-build-debug
"One_Branch_G_ROOT" start time: Dec 21 10:27 Est
Output:
----------------------------------------------------------
<end of output>
Test time =   0.03 sec
----------------------------------------------------------
Test Passed.
"One_Branch_G_ROOT" end time: Dec 21 10:27 Est
"One_Branch_G_ROOT" time elapsed: 00:00:00
----------------------------------------------------------

5/24 Testing: One_Branch_G_LEFT
5/24 Test: One_Branch_G_LEFT
Command: "C:/Users/xterm/CLionProject/TP3CLWindows/cmake-build-debug/BSTest.exe" "4"
Directory: C:/Users/xterm/CLionProject/TP3CLWindows/cmake-build-debug
"One_Branch_G_LEFT" start time: Dec 21 10:27 Est
Output:
----------------------------------------------------------
<end of output>
Test time =   0.03 sec
----------------------------------------------------------
Test Passed.
"One_Branch_G_LEFT" end time: Dec 21 10:27 Est
"One_Branch_G_LEFT" time elapsed: 00:00:00
----------------------------------------------------------

6/24 Testing: One_Branch_G_RIGHT
6/24 Test: One_Branch_G_RIGHT
Command: "C:/Users/xterm/CLionProject/TP3CLWindows/cmake-build-debug/BSTest.exe" "5"
Directory: C:/Users/xterm/CLionProject/TP3CLWindows/cmake-build-debug
"One_Branch_G_RIGHT" start time: Dec 21 10:27 Est
Output:
----------------------------------------------------------
<end of output>
Test time =   0.03 sec
----------------------------------------------------------
Test Passed.
"One_Branch_G_RIGHT" end time: Dec 21 10:27 Est
"One_Branch_G_RIGHT" time elapsed: 00:00:00
----------------------------------------------------------

7/24 Testing: One_Branch_D_ROOT
7/24 Test: One_Branch_D_ROOT
Command: "C:/Users/xterm/CLionProject/TP3CLWindows/cmake-build-debug/BSTest.exe" "6"
Directory: C:/Users/xterm/CLionProject/TP3CLWindows/cmake-build-debug
"One_Branch_D_ROOT" start time: Dec 21 10:27 Est
Output:
----------------------------------------------------------
<end of output>
Test time =   0.03 sec
----------------------------------------------------------
Test Passed.
"One_Branch_D_ROOT" end time: Dec 21 10:27 Est
"One_Branch_D_ROOT" time elapsed: 00:00:00
----------------------------------------------------------

8/24 Testing: One_Branch_D_LEFT
8/24 Test: One_Branch_D_LEFT
Command: "C:/Users/xterm/CLionProject/TP3CLWindows/cmake-build-debug/BSTest.exe" "7"
Directory: C:/Users/xterm/CLionProject/TP3CLWindows/cmake-build-debug
"One_Branch_D_LEFT" start time: Dec 21 10:27 Est
Output:
----------------------------------------------------------
<end of output>
Test time =   0.03 sec
----------------------------------------------------------
Test Passed.
"One_Branch_D_LEFT" end time: Dec 21 10:27 Est
"One_Branch_D_LEFT" time elapsed: 00:00:00
----------------------------------------------------------

9/24 Testing: One_Branch_D_RIGHT
9/24 Test: One_Branch_D_RIGHT
Command: "C:/Users/xterm/CLionProject/TP3CLWindows/cmake-build-debug/BSTest.exe" "8"
Directory: C:/Users/xterm/CLionProject/TP3CLWindows/cmake-build-debug
"One_Branch_D_RIGHT" start time: Dec 21 10:27 Est
Output:
----------------------------------------------------------
<end of output>
Test time =   0.03 sec
----------------------------------------------------------
Test Passed.
"One_Branch_D_RIGHT" end time: Dec 21 10:27 Est
"One_Branch_D_RIGHT" time elapsed: 00:00:00
----------------------------------------------------------

10/24 Testing: Double_Branch_ROOT
10/24 Test: Double_Branch_ROOT
Command: "C:/Users/xterm/CLionProject/TP3CLWindows/cmake-build-debug/BSTest.exe" "9"
Directory: C:/Users/xterm/CLionProject/TP3CLWindows/cmake-build-debug
"Double_Branch_ROOT" start time: Dec 21 10:27 Est
Output:
----------------------------------------------------------
<end of output>
Test time =   0.02 sec
----------------------------------------------------------
Test Passed.
"Double_Branch_ROOT" end time: Dec 21 10:27 Est
"Double_Branch_ROOT" time elapsed: 00:00:00
----------------------------------------------------------

11/24 Testing: Double_Branch_LEFT
11/24 Test: Double_Branch_LEFT
Command: "C:/Users/xterm/CLionProject/TP3CLWindows/cmake-build-debug/BSTest.exe" "10"
Directory: C:/Users/xterm/CLionProject/TP3CLWindows/cmake-build-debug
"Double_Branch_LEFT" start time: Dec 21 10:27 Est
Output:
----------------------------------------------------------
<end of output>
Test time =   0.02 sec
----------------------------------------------------------
Test Passed.
"Double_Branch_LEFT" end time: Dec 21 10:27 Est
"Double_Branch_LEFT" time elapsed: 00:00:00
----------------------------------------------------------

12/24 Testing: Double_Branch_RIGHT
12/24 Test: Double_Branch_RIGHT
Command: "C:/Users/xterm/CLionProject/TP3CLWindows/cmake-build-debug/BSTest.exe" "11"
Directory: C:/Users/xterm/CLionProject/TP3CLWindows/cmake-build-debug
"Double_Branch_RIGHT" start time: Dec 21 10:27 Est
Output:
----------------------------------------------------------
<end of output>
Test time =   0.02 sec
----------------------------------------------------------
Test Passed.
"Double_Branch_RIGHT" end time: Dec 21 10:27 Est
"Double_Branch_RIGHT" time elapsed: 00:00:00
----------------------------------------------------------

13/24 Testing: Cas_Particulier_1
13/24 Test: Cas_Particulier_1
Command: "C:/Users/xterm/CLionProject/TP3CLWindows/cmake-build-debug/BSTest.exe" "12"
Directory: C:/Users/xterm/CLionProject/TP3CLWindows/cmake-build-debug
"Cas_Particulier_1" start time: Dec 21 10:27 Est
Output:
----------------------------------------------------------
<end of output>
Test time =   0.01 sec
----------------------------------------------------------
Test Passed.
"Cas_Particulier_1" end time: Dec 21 10:27 Est
"Cas_Particulier_1" time elapsed: 00:00:00
----------------------------------------------------------

14/24 Testing: Cas_Particulier_2
14/24 Test: Cas_Particulier_2
Command: "C:/Users/xterm/CLionProject/TP3CLWindows/cmake-build-debug/BSTest.exe" "13"
Directory: C:/Users/xterm/CLionProject/TP3CLWindows/cmake-build-debug
"Cas_Particulier_2" start time: Dec 21 10:27 Est
Output:
----------------------------------------------------------
<end of output>
Test time =   0.01 sec
----------------------------------------------------------
Test Passed.
"Cas_Particulier_2" end time: Dec 21 10:27 Est
"Cas_Particulier_2" time elapsed: 00:00:00
----------------------------------------------------------

15/24 Testing: RechercheClassique
15/24 Test: RechercheClassique
Command: "C:/Users/xterm/CLionProject/TP3CLWindows/cmake-build-debug/BSTest.exe" "16"
Directory: C:/Users/xterm/CLionProject/TP3CLWindows/cmake-build-debug
"RechercheClassique" start time: Dec 21 10:27 Est
Output:
----------------------------------------------------------
<end of output>
Test time =   0.01 sec
----------------------------------------------------------
Test Passed.
"RechercheClassique" end time: Dec 21 10:27 Est
"RechercheClassique" time elapsed: 00:00:00
----------------------------------------------------------

16/24 Testing: RechercheElemSupp
16/24 Test: RechercheElemSupp
Command: "C:/Users/xterm/CLionProject/TP3CLWindows/cmake-build-debug/BSTest.exe" "17"
Directory: C:/Users/xterm/CLionProject/TP3CLWindows/cmake-build-debug
"RechercheElemSupp" start time: Dec 21 10:27 Est
Output:
----------------------------------------------------------
<end of output>
Test time =   0.02 sec
----------------------------------------------------------
Test Passed.
"RechercheElemSupp" end time: Dec 21 10:27 Est
"RechercheElemSupp" time elapsed: 00:00:00
----------------------------------------------------------

17/24 Testing: RechercheElemPointeParElemSupp
17/24 Test: RechercheElemPointeParElemSupp
Command: "C:/Users/xterm/CLionProject/TP3CLWindows/cmake-build-debug/BSTest.exe" "18"
Directory: C:/Users/xterm/CLionProject/TP3CLWindows/cmake-build-debug
"RechercheElemPointeParElemSupp" start time: Dec 21 10:27 Est
Output:
----------------------------------------------------------
<end of output>
Test time =   0.01 sec
----------------------------------------------------------
Test Passed.
"RechercheElemPointeParElemSupp" end time: Dec 21 10:27 Est
"RechercheElemPointeParElemSupp" time elapsed: 00:00:00
----------------------------------------------------------

18/24 Testing: ErreurFrequente
18/24 Test: ErreurFrequente
Command: "C:/Users/xterm/CLionProject/TP3CLWindows/cmake-build-debug/BSTest.exe" "19"
Directory: C:/Users/xterm/CLionProject/TP3CLWindows/cmake-build-debug
"ErreurFrequente" start time: Dec 21 10:27 Est
Output:
----------------------------------------------------------
<end of output>
Test time =   0.02 sec
----------------------------------------------------------
Test Passed.
"ErreurFrequente" end time: Dec 21 10:27 Est
"ErreurFrequente" time elapsed: 00:00:00
----------------------------------------------------------

19/24 Testing: H-Enc-Char
19/24 Test: H-Enc-Char
Command: "C:/Users/xterm/CLionProject/TP3CLWindows/cmake-build-debug/BSTest.exe" "20"
Directory: C:/Users/xterm/CLionProject/TP3CLWindows/cmake-build-debug
"H-Enc-Char" start time: Dec 21 10:27 Est
Output:
----------------------------------------------------------
<end of output>
Test time =   0.02 sec
----------------------------------------------------------
Test Passed.
"H-Enc-Char" end time: Dec 21 10:27 Est
"H-Enc-Char" time elapsed: 00:00:00
----------------------------------------------------------

20/24 Testing: H-Enc-String
20/24 Test: H-Enc-String
Command: "C:/Users/xterm/CLionProject/TP3CLWindows/cmake-build-debug/BSTest.exe" "21"
Directory: C:/Users/xterm/CLionProject/TP3CLWindows/cmake-build-debug
"H-Enc-String" start time: Dec 21 10:27 Est
Output:
----------------------------------------------------------
<end of output>
Test time =   0.02 sec
----------------------------------------------------------
Test Passed.
"H-Enc-String" end time: Dec 21 10:27 Est
"H-Enc-String" time elapsed: 00:00:00
----------------------------------------------------------

21/24 Testing: H-Enc-StringMAJ
21/24 Test: H-Enc-StringMAJ
Command: "C:/Users/xterm/CLionProject/TP3CLWindows/cmake-build-debug/BSTest.exe" "22"
Directory: C:/Users/xterm/CLionProject/TP3CLWindows/cmake-build-debug
"H-Enc-StringMAJ" start time: Dec 21 10:27 Est
Output:
----------------------------------------------------------
<end of output>
Test time =   0.02 sec
----------------------------------------------------------
Test Passed.
"H-Enc-StringMAJ" end time: Dec 21 10:27 Est
"H-Enc-StringMAJ" time elapsed: 00:00:00
----------------------------------------------------------

22/24 Testing: H-Enc-StringSomeMAJ
22/24 Test: H-Enc-StringSomeMAJ
Command: "C:/Users/xterm/CLionProject/TP3CLWindows/cmake-build-debug/BSTest.exe" "23"
Directory: C:/Users/xterm/CLionProject/TP3CLWindows/cmake-build-debug
"H-Enc-StringSomeMAJ" start time: Dec 21 10:27 Est
Output:
----------------------------------------------------------
<end of output>
Test time =   0.02 sec
----------------------------------------------------------
Test Passed.
"H-Enc-StringSomeMAJ" end time: Dec 21 10:27 Est
"H-Enc-StringSomeMAJ" time elapsed: 00:00:00
----------------------------------------------------------

23/24 Testing: H-Dec-Char
23/24 Test: H-Dec-Char
Command: "C:/Users/xterm/CLionProject/TP3CLWindows/cmake-build-debug/BSTest.exe" "24"
Directory: C:/Users/xterm/CLionProject/TP3CLWindows/cmake-build-debug
"H-Dec-Char" start time: Dec 21 10:27 Est
Output:
----------------------------------------------------------
<end of output>
Test time =   0.02 sec
----------------------------------------------------------
Test Passed.
"H-Dec-Char" end time: Dec 21 10:27 Est
"H-Dec-Char" time elapsed: 00:00:00
----------------------------------------------------------

24/24 Testing: H-Dec-String
24/24 Test: H-Dec-String
Command: "C:/Users/xterm/CLionProject/TP3CLWindows/cmake-build-debug/BSTest.exe" "25"
Directory: C:/Users/xterm/CLionProject/TP3CLWindows/cmake-build-debug
"H-Dec-String" start time: Dec 21 10:27 Est
Output:
----------------------------------------------------------
allo
<end of output>
Test time =   0.02 sec
----------------------------------------------------------
Test Passed.
"H-Dec-String" end time: Dec 21 10:27 Est
"H-Dec-String" time elapsed: 00:00:00
----------------------------------------------------------

End testing: Dec 21 10:27 Est
